<?xml version="1.0" encoding="UTF-8"?>
<!-- Generated by org.testng.reporters.JUnitXMLReporter -->
<testsuite ignored="0" hostname="DESKTOP-HRGUEQ0" failures="0" tests="2" name="Test" time="0.177" errors="0" timestamp="2022-11-18T11:12:59 IST">
  <testcase classname="generic.BaseClass" name="@BeforeClass lauchingBrowser" time="0.019">
    <failure type="java.io.FileNotFoundException" message=".\src\test\resources\data.properties (The system cannot find the file specified)">
      <![CDATA[java.io.FileNotFoundException: .\src\test\resources\data.properties (The system cannot find the file specified)
at java.base/java.io.FileInputStream.open0(Native Method)
at java.base/java.io.FileInputStream.open(FileInputStream.java:216)
at java.base/java.io.FileInputStream.<init>(FileInputStream.java:157)
at java.base/java.io.FileInputStream.<init>(FileInputStream.java:111)
at generic.FileUtility.readDataFromPropertyFileAdmin(FileUtility.java:17)
at generic.BaseClass.lauchingBrowser(BaseClass.java:33)
at java.base/java.util.ArrayList.forEach(ArrayList.java:1511)
... Removed 25 stack frames]]>
    </failure>
  </testcase> <!-- @BeforeClass lauchingBrowser -->
  <testcase classname="generic.BaseClass" name="@AfterClass closeBrowser" time="-1.668750179591E9">
    <skipped/>
  </testcase> <!-- @AfterClass closeBrowser -->
  <testcase classname="sampleTest.Test1Test" name="sample1" time="0.0">
    <skipped/>
  </testcase> <!-- sample1 -->
  <testcase classname="sampleTest.Test1Test" name="sample2" time="0.0">
    <skipped/>
  </testcase> <!-- sample2 -->
</testsuite> <!-- Test -->
