<?xml version="1.0" encoding="UTF-8"?>
<testng-results ignored="0" total="1" passed="1" failed="0" skipped="0">
  <reporter-output>
  </reporter-output>
  <suite started-at="2022-11-21T10:33:17 IST" name="Default suite" finished-at="2022-11-21T10:33:47 IST" duration-ms="30826">
    <groups>
    </groups>
    <test started-at="2022-11-21T10:33:17 IST" name="Default test" finished-at="2022-11-21T10:33:47 IST" duration-ms="30826">
      <class name="Practice_Package.CreateOrganisationTest">
        <test-method is-config="true" signature="lauchingBrowser()[pri:0, instance:Practice_Package.CreateOrganisationTest@342c38f8]" started-at="2022-11-21T10:33:17 IST" name="lauchingBrowser" finished-at="2022-11-21T10:33:23 IST" duration-ms="6234" status="PASS">
          <reporter-output>
          </reporter-output>
        </test-method> <!-- lauchingBrowser -->
        <test-method is-config="true" signature="loginCredentials()[pri:0, instance:Practice_Package.CreateOrganisationTest@342c38f8]" started-at="2022-11-21T10:33:23 IST" name="loginCredentials" finished-at="2022-11-21T10:33:29 IST" duration-ms="6081" status="PASS">
          <reporter-output>
          </reporter-output>
        </test-method> <!-- loginCredentials -->
        <test-method signature="createOrg()[pri:0, instance:Practice_Package.CreateOrganisationTest@342c38f8]" started-at="2022-11-21T10:33:29 IST" name="createOrg" finished-at="2022-11-21T10:33:47 IST" duration-ms="17617" status="PASS">
          <reporter-output>
          </reporter-output>
        </test-method> <!-- createOrg -->
        <test-method is-config="true" signature="closeBrowser()[pri:0, instance:Practice_Package.CreateOrganisationTest@342c38f8]" started-at="2022-11-21T10:33:47 IST" name="closeBrowser" finished-at="2022-11-21T10:33:47 IST" duration-ms="771" status="PASS">
          <reporter-output>
          </reporter-output>
        </test-method> <!-- closeBrowser -->
        <test-method is-config="true" signature="CloseDb()[pri:0, instance:Practice_Package.CreateOrganisationTest@342c38f8]" started-at="2022-11-21T10:33:48 IST" name="CloseDb" finished-at="2022-11-21T10:33:48 IST" duration-ms="569" status="FAIL">
          <exception class="java.sql.SQLSyntaxErrorException">
            <message>
              <![CDATA[Unknown database 'testyantra']]>
            </message>
            <full-stacktrace>
              <![CDATA[java.sql.SQLSyntaxErrorException: Unknown database 'testyantra'
at com.mysql.cj.jdbc.exceptions.SQLError.createSQLException(SQLError.java:120)
at com.mysql.cj.jdbc.exceptions.SQLExceptionsMapping.translateException(SQLExceptionsMapping.java:122)
at com.mysql.cj.jdbc.ConnectionImpl.createNewIO(ConnectionImpl.java:829)
at com.mysql.cj.jdbc.ConnectionImpl.<init>(ConnectionImpl.java:449)
at com.mysql.cj.jdbc.ConnectionImpl.getInstance(ConnectionImpl.java:242)
at com.mysql.cj.jdbc.NonRegisteringDriver.connect(NonRegisteringDriver.java:198)
at java.sql/java.sql.DriverManager.getConnection(DriverManager.java:681)
at java.sql/java.sql.DriverManager.getConnection(DriverManager.java:229)
at generic.DatabaseUtility.connectionToDB(DatabaseUtility.java:24)
at generic.BaseClass.CloseDb(BaseClass.java:79)
at java.base/jdk.internal.reflect.NativeMethodAccessorImpl.invoke0(Native Method)
at java.base/jdk.internal.reflect.NativeMethodAccessorImpl.invoke(NativeMethodAccessorImpl.java:77)
at java.base/jdk.internal.reflect.DelegatingMethodAccessorImpl.invoke(DelegatingMethodAccessorImpl.java:43)
at java.base/java.lang.reflect.Method.invoke(Method.java:568)
at org.testng.internal.MethodInvocationHelper.invokeMethod(MethodInvocationHelper.java:133)
at org.testng.internal.MethodInvocationHelper.invokeMethodConsideringTimeout(MethodInvocationHelper.java:62)
at org.testng.internal.ConfigInvoker.invokeConfigurationMethod(ConfigInvoker.java:385)
at org.testng.internal.ConfigInvoker.invokeConfigurations(ConfigInvoker.java:321)
at org.testng.SuiteRunner.privateRun(SuiteRunner.java:344)
at org.testng.SuiteRunner.run(SuiteRunner.java:276)
at org.testng.SuiteRunnerWorker.runSuite(SuiteRunnerWorker.java:53)
at org.testng.SuiteRunnerWorker.run(SuiteRunnerWorker.java:96)
at org.testng.TestNG.runSuitesSequentially(TestNG.java:1212)
at org.testng.TestNG.runSuitesLocally(TestNG.java:1134)
at org.testng.TestNG.runSuites(TestNG.java:1063)
at org.testng.TestNG.run(TestNG.java:1031)
at org.testng.remote.AbstractRemoteTestNG.run(AbstractRemoteTestNG.java:115)
at org.testng.remote.RemoteTestNG.initAndRun(RemoteTestNG.java:251)
at org.testng.remote.RemoteTestNG.main(RemoteTestNG.java:77)
]]>
            </full-stacktrace>
          </exception> <!-- java.sql.SQLSyntaxErrorException -->
          <reporter-output>
          </reporter-output>
        </test-method> <!-- CloseDb -->
      </class> <!-- Practice_Package.CreateOrganisationTest -->
    </test> <!-- Default test -->
  </suite> <!-- Default suite -->
</testng-results>
